[2023-05-11 12:14:58] ---------------------------------------------------------------------------------------------------
[2023-05-11 12:14:58] | epoch   1 | time: 31.56s | training loss  1.52 |
[2023-05-11 12:15:01] | epoch   1 | time:  2.44s | cv loss  0.93 | cv accuracy:  0.68 |
[2023-05-11 12:15:01] ---------------------------------------------------------------------------------------------------
[2023-05-11 12:15:07] ---------------------------------------------------------------------------------------------------
[2023-05-11 12:15:07] | epoch   2 | time:  6.49s | training loss  0.63 |
[2023-05-11 12:15:09] | epoch   2 | time:  1.90s | cv loss  0.61 | cv accuracy:  0.77 |
[2023-05-11 12:15:09] ---------------------------------------------------------------------------------------------------
[2023-05-11 12:15:16] ---------------------------------------------------------------------------------------------------
[2023-05-11 12:15:16] | epoch   3 | time:  6.51s | training loss  0.32 |
[2023-05-11 12:15:18] | epoch   3 | time:  2.00s | cv loss  0.50 | cv accuracy:  0.79 |
[2023-05-11 12:15:18] ---------------------------------------------------------------------------------------------------
[2023-05-11 12:15:24] ---------------------------------------------------------------------------------------------------
[2023-05-11 12:15:24] | epoch   4 | time:  6.20s | training loss  0.17 |
[2023-05-11 12:15:26] | epoch   4 | time:  1.98s | cv loss  0.49 | cv accuracy:  0.78 |
[2023-05-11 12:15:26] ---------------------------------------------------------------------------------------------------
[2023-05-11 12:15:32] ---------------------------------------------------------------------------------------------------
[2023-05-11 12:15:32] | epoch   5 | time:  6.21s | training loss  0.10 |
[2023-05-11 12:15:34] | epoch   5 | time:  1.85s | cv loss  0.47 | cv accuracy:  0.79 |
[2023-05-11 12:15:34] ---------------------------------------------------------------------------------------------------
[2023-05-11 12:15:40] ---------------------------------------------------------------------------------------------------
[2023-05-11 12:15:40] | epoch   6 | time:  6.06s | training loss  0.06 |
[2023-05-11 12:15:42] | epoch   6 | time:  1.86s | cv loss  0.48 | cv accuracy:  0.79 |
[2023-05-11 12:15:42] ---------------------------------------------------------------------------------------------------
[2023-05-11 12:15:49] ---------------------------------------------------------------------------------------------------
[2023-05-11 12:15:49] | epoch   7 | time:  6.53s | training loss  0.04 |
[2023-05-11 12:15:51] | epoch   7 | time:  1.90s | cv loss  0.49 | cv accuracy:  0.80 |
[2023-05-11 12:15:51] ---------------------------------------------------------------------------------------------------
[2023-05-11 12:15:57] ---------------------------------------------------------------------------------------------------
[2023-05-11 12:15:57] | epoch   8 | time:  6.31s | training loss  0.02 |
[2023-05-11 12:15:59] | epoch   8 | time:  2.00s | cv loss  0.54 | cv accuracy:  0.80 |
[2023-05-11 12:15:59] ---------------------------------------------------------------------------------------------------
[2023-05-11 12:16:05] ---------------------------------------------------------------------------------------------------
[2023-05-11 12:16:05] | epoch   9 | time:  6.39s | training loss  0.02 |
[2023-05-11 12:16:07] | epoch   9 | time:  2.00s | cv loss  0.52 | cv accuracy:  0.80 |
[2023-05-11 12:16:07] ---------------------------------------------------------------------------------------------------
[2023-05-11 12:16:14] ---------------------------------------------------------------------------------------------------
[2023-05-11 12:16:14] | epoch  10 | time:  6.36s | training loss  0.01 |
[2023-05-11 12:16:16] | epoch  10 | time:  2.26s | cv loss  0.53 | cv accuracy:  0.79 |
[2023-05-11 12:16:16] ---------------------------------------------------------------------------------------------------
[2023-05-11 12:16:22] ---------------------------------------------------------------------------------------------------
[2023-05-11 12:16:22] | epoch  11 | time:  6.30s | training loss  0.01 |
[2023-05-11 12:16:24] | epoch  11 | time:  1.77s | cv loss  0.53 | cv accuracy:  0.79 |
[2023-05-11 12:16:24] ---------------------------------------------------------------------------------------------------
[2023-05-11 12:16:31] ---------------------------------------------------------------------------------------------------
[2023-05-11 12:16:31] | epoch  12 | time:  6.51s | training loss  0.01 |
[2023-05-11 12:16:33] | epoch  12 | time:  1.93s | cv loss  0.52 | cv accuracy:  0.80 |
[2023-05-11 12:16:33] ---------------------------------------------------------------------------------------------------
[2023-05-11 12:19:44] ---------------------------------------------------------------------------------------------------
[2023-05-11 12:19:44] | epoch   1 | time:  7.62s | training loss  1.61 |
[2023-05-11 12:19:46] | epoch   1 | time:  2.09s | cv loss  1.03 | cv accuracy:  0.65 |
[2023-05-11 12:19:46] ---------------------------------------------------------------------------------------------------
[2023-05-11 12:19:52] ---------------------------------------------------------------------------------------------------
[2023-05-11 12:19:52] | epoch   2 | time:  6.47s | training loss  0.72 |
[2023-05-11 12:19:54] | epoch   2 | time:  1.83s | cv loss  0.64 | cv accuracy:  0.76 |
[2023-05-11 12:19:54] ---------------------------------------------------------------------------------------------------
[2023-05-11 12:20:01] ---------------------------------------------------------------------------------------------------
[2023-05-11 12:20:01] | epoch   3 | time:  6.50s | training loss  0.37 |
[2023-05-11 12:20:03] | epoch   3 | time:  2.05s | cv loss  0.50 | cv accuracy:  0.80 |
[2023-05-11 12:20:03] ---------------------------------------------------------------------------------------------------
[2023-05-11 12:20:09] ---------------------------------------------------------------------------------------------------
[2023-05-11 12:20:09] | epoch   4 | time:  6.58s | training loss  0.20 |
[2023-05-11 12:20:11] | epoch   4 | time:  1.89s | cv loss  0.48 | cv accuracy:  0.79 |
[2023-05-11 12:20:11] ---------------------------------------------------------------------------------------------------
[2023-05-11 12:20:18] ---------------------------------------------------------------------------------------------------
[2023-05-11 12:20:18] | epoch   5 | time:  6.57s | training loss  0.11 |
[2023-05-11 12:20:20] | epoch   5 | time:  2.11s | cv loss  0.45 | cv accuracy:  0.81 |
[2023-05-11 12:20:20] ---------------------------------------------------------------------------------------------------
[2023-05-11 12:20:27] ---------------------------------------------------------------------------------------------------
[2023-05-11 12:20:27] | epoch   6 | time:  6.47s | training loss  0.07 |
[2023-05-11 12:20:29] | epoch   6 | time:  1.90s | cv loss  0.47 | cv accuracy:  0.80 |
[2023-05-11 12:20:29] ---------------------------------------------------------------------------------------------------
[2023-05-11 12:20:35] ---------------------------------------------------------------------------------------------------
[2023-05-11 12:20:35] | epoch   7 | time:  6.51s | training loss  0.04 |
[2023-05-11 12:20:37] | epoch   7 | time:  2.15s | cv loss  0.49 | cv accuracy:  0.80 |
[2023-05-11 12:20:37] ---------------------------------------------------------------------------------------------------
[2023-05-11 12:20:43] ---------------------------------------------------------------------------------------------------
[2023-05-11 12:20:43] | epoch   8 | time:  6.16s | training loss  0.03 |
[2023-05-11 12:20:46] | epoch   8 | time:  2.23s | cv loss  0.53 | cv accuracy:  0.79 |
[2023-05-11 12:20:46] ---------------------------------------------------------------------------------------------------
[2023-05-11 12:20:52] ---------------------------------------------------------------------------------------------------
[2023-05-11 12:20:52] | epoch   9 | time:  6.45s | training loss  0.02 |
[2023-05-11 12:20:54] | epoch   9 | time:  2.11s | cv loss  0.52 | cv accuracy:  0.79 |
[2023-05-11 12:20:54] ---------------------------------------------------------------------------------------------------
[2023-05-11 12:21:01] ---------------------------------------------------------------------------------------------------
[2023-05-11 12:21:01] | epoch  10 | time:  6.37s | training loss  0.02 |
[2023-05-11 12:21:03] | epoch  10 | time:  1.83s | cv loss  0.53 | cv accuracy:  0.79 |
[2023-05-11 12:21:03] ---------------------------------------------------------------------------------------------------
[2023-05-11 12:21:09] ---------------------------------------------------------------------------------------------------
[2023-05-11 12:21:09] | epoch  11 | time:  6.39s | training loss  0.02 |
[2023-05-11 12:21:11] | epoch  11 | time:  1.92s | cv loss  0.53 | cv accuracy:  0.79 |
[2023-05-11 12:21:11] ---------------------------------------------------------------------------------------------------
[2023-05-11 12:21:17] ---------------------------------------------------------------------------------------------------
[2023-05-11 12:21:17] | epoch  12 | time:  6.33s | training loss  0.01 |
[2023-05-11 12:21:19] | epoch  12 | time:  2.25s | cv loss  0.52 | cv accuracy:  0.79 |
[2023-05-11 12:21:19] ---------------------------------------------------------------------------------------------------
[2023-05-11 14:05:19] ---------------------------------------------------------------------------------------------------
[2023-05-11 14:05:19] | epoch   1 | time: 30.19s | training loss  1.61 |
[2023-05-11 14:05:22] | epoch   1 | time:  2.93s | cv loss  1.03 | cv accuracy:  0.65 |
[2023-05-11 14:05:22] ---------------------------------------------------------------------------------------------------
[2023-05-11 14:05:29] ---------------------------------------------------------------------------------------------------
[2023-05-11 14:05:29] | epoch   2 | time:  7.20s | training loss  0.72 |
[2023-05-11 14:05:31] | epoch   2 | time:  2.17s | cv loss  0.64 | cv accuracy:  0.76 |
[2023-05-11 14:05:31] ---------------------------------------------------------------------------------------------------
[2023-05-11 14:05:38] ---------------------------------------------------------------------------------------------------
[2023-05-11 14:05:38] | epoch   3 | time:  6.89s | training loss  0.37 |
[2023-05-11 14:05:40] | epoch   3 | time:  1.97s | cv loss  0.50 | cv accuracy:  0.80 |
[2023-05-11 14:05:40] ---------------------------------------------------------------------------------------------------
[2023-05-11 14:05:47] ---------------------------------------------------------------------------------------------------
[2023-05-11 14:05:47] | epoch   4 | time:  6.82s | training loss  0.20 |
[2023-05-11 14:05:49] | epoch   4 | time:  2.02s | cv loss  0.48 | cv accuracy:  0.79 |
[2023-05-11 14:05:49] ---------------------------------------------------------------------------------------------------
[2023-05-11 14:05:56] ---------------------------------------------------------------------------------------------------
[2023-05-11 14:05:56] | epoch   5 | time:  6.89s | training loss  0.11 |
[2023-05-11 14:05:58] | epoch   5 | time:  2.10s | cv loss  0.45 | cv accuracy:  0.81 |
[2023-05-11 14:05:58] ---------------------------------------------------------------------------------------------------
[2023-05-11 14:06:05] ---------------------------------------------------------------------------------------------------
[2023-05-11 14:06:05] | epoch   6 | time:  6.88s | training loss  0.07 |
[2023-05-11 14:06:07] | epoch   6 | time:  1.86s | cv loss  0.47 | cv accuracy:  0.80 |
[2023-05-11 14:06:07] ---------------------------------------------------------------------------------------------------
[2023-05-11 14:06:14] ---------------------------------------------------------------------------------------------------
[2023-05-11 14:06:14] | epoch   7 | time:  7.16s | training loss  0.04 |
[2023-05-11 14:06:16] | epoch   7 | time:  2.26s | cv loss  0.49 | cv accuracy:  0.80 |
[2023-05-11 14:06:16] ---------------------------------------------------------------------------------------------------
[2023-05-11 14:06:23] ---------------------------------------------------------------------------------------------------
[2023-05-11 14:06:23] | epoch   8 | time:  7.01s | training loss  0.03 |
[2023-05-11 14:06:25] | epoch   8 | time:  1.98s | cv loss  0.53 | cv accuracy:  0.79 |
[2023-05-11 14:06:25] ---------------------------------------------------------------------------------------------------
[2023-05-11 14:06:32] ---------------------------------------------------------------------------------------------------
[2023-05-11 14:06:32] | epoch   9 | time:  6.79s | training loss  0.02 |
[2023-05-11 14:06:34] | epoch   9 | time:  2.11s | cv loss  0.52 | cv accuracy:  0.79 |
[2023-05-11 14:06:34] ---------------------------------------------------------------------------------------------------
[2023-05-11 14:06:41] ---------------------------------------------------------------------------------------------------
[2023-05-11 14:06:41] | epoch  10 | time:  6.84s | training loss  0.02 |
[2023-05-11 14:06:43] | epoch  10 | time:  1.90s | cv loss  0.53 | cv accuracy:  0.79 |
[2023-05-11 14:06:43] ---------------------------------------------------------------------------------------------------
[2023-05-11 14:06:50] ---------------------------------------------------------------------------------------------------
[2023-05-11 14:06:50] | epoch  11 | time:  6.99s | training loss  0.02 |
[2023-05-11 14:06:52] | epoch  11 | time:  1.89s | cv loss  0.53 | cv accuracy:  0.79 |
[2023-05-11 14:06:52] ---------------------------------------------------------------------------------------------------
[2023-05-11 14:06:59] ---------------------------------------------------------------------------------------------------
[2023-05-11 14:06:59] | epoch  12 | time:  6.91s | training loss  0.01 |
[2023-05-11 14:07:01] | epoch  12 | time:  2.27s | cv loss  0.52 | cv accuracy:  0.79 |
[2023-05-11 14:07:01] ---------------------------------------------------------------------------------------------------
[2023-05-11 14:07:08] ---------------------------------------------------------------------------------------------------
[2023-05-11 14:07:08] | epoch  13 | time:  7.14s | training loss  0.01 |
[2023-05-11 14:07:11] | epoch  13 | time:  2.21s | cv loss  0.53 | cv accuracy:  0.79 |
[2023-05-11 14:07:11] ---------------------------------------------------------------------------------------------------
[2023-05-11 14:07:17] ---------------------------------------------------------------------------------------------------
[2023-05-11 14:07:17] | epoch  14 | time:  6.64s | training loss  0.01 |
[2023-05-11 14:07:19] | epoch  14 | time:  1.92s | cv loss  0.53 | cv accuracy:  0.80 |
[2023-05-11 14:07:19] ---------------------------------------------------------------------------------------------------
[2023-05-11 14:07:26] ---------------------------------------------------------------------------------------------------
[2023-05-11 14:07:26] | epoch  15 | time:  7.00s | training loss  0.01 |
[2023-05-11 14:07:28] | epoch  15 | time:  1.90s | cv loss  0.52 | cv accuracy:  0.79 |
[2023-05-11 14:07:28] ---------------------------------------------------------------------------------------------------
