[2023-05-11 10:48:57] ---------------------------------------------------------------------------------------------------
[2023-05-11 10:48:57] | epoch   1 | time:  7.33s | training loss  0.47 |
[2023-05-11 10:48:59] | epoch   1 | time:  2.24s | cv loss  0.54 | cv accuracy:  0.79 |
[2023-05-11 10:48:59] ---------------------------------------------------------------------------------------------------
[2023-05-11 10:49:06] ---------------------------------------------------------------------------------------------------
[2023-05-11 10:49:06] | epoch   2 | time:  6.64s | training loss  0.03 |
[2023-05-11 10:49:08] | epoch   2 | time:  2.19s | cv loss  0.72 | cv accuracy:  0.79 |
[2023-05-11 10:49:08] ---------------------------------------------------------------------------------------------------
[2023-05-11 10:49:15] ---------------------------------------------------------------------------------------------------
[2023-05-11 10:49:15] | epoch   3 | time:  6.73s | training loss  0.01 |
[2023-05-11 10:49:17] | epoch   3 | time:  2.11s | cv loss  0.66 | cv accuracy:  0.81 |
[2023-05-11 10:49:17] ---------------------------------------------------------------------------------------------------
[2023-05-11 10:49:23] ---------------------------------------------------------------------------------------------------
[2023-05-11 10:49:23] | epoch   4 | time:  6.40s | training loss  0.01 |
[2023-05-11 10:49:25] | epoch   4 | time:  1.97s | cv loss  0.88 | cv accuracy:  0.78 |
[2023-05-11 10:49:25] ---------------------------------------------------------------------------------------------------
[2023-05-11 10:49:32] ---------------------------------------------------------------------------------------------------
[2023-05-11 10:49:32] | epoch   5 | time:  6.47s | training loss  0.00 |
[2023-05-11 10:49:33] | epoch   5 | time:  1.82s | cv loss  0.73 | cv accuracy:  0.80 |
[2023-05-11 10:49:33] ---------------------------------------------------------------------------------------------------
[2023-05-11 10:49:40] ---------------------------------------------------------------------------------------------------
[2023-05-11 10:49:40] | epoch   6 | time:  6.41s | training loss  0.00 |
[2023-05-11 10:49:42] | epoch   6 | time:  1.89s | cv loss  0.74 | cv accuracy:  0.80 |
[2023-05-11 10:49:42] ---------------------------------------------------------------------------------------------------
[2023-05-11 10:49:48] ---------------------------------------------------------------------------------------------------
[2023-05-11 10:49:48] | epoch   7 | time:  6.52s | training loss  0.00 |
[2023-05-11 10:49:50] | epoch   7 | time:  2.05s | cv loss  0.74 | cv accuracy:  0.80 |
[2023-05-11 10:49:50] ---------------------------------------------------------------------------------------------------
[2023-05-11 10:49:57] ---------------------------------------------------------------------------------------------------
[2023-05-11 10:49:57] | epoch   8 | time:  6.73s | training loss  0.00 |
[2023-05-11 10:49:59] | epoch   8 | time:  2.29s | cv loss  0.72 | cv accuracy:  0.80 |
[2023-05-11 10:49:59] ---------------------------------------------------------------------------------------------------
[2023-05-11 10:54:39] ---------------------------------------------------------------------------------------------------
[2023-05-11 10:54:39] | epoch   1 | time: 54.25s | training loss  1.57 |
[2023-05-11 10:54:43] | epoch   1 | time:  4.02s | cv loss  1.02 | cv accuracy:  0.66 |
[2023-05-11 10:54:43] ---------------------------------------------------------------------------------------------------
[2023-05-11 10:55:01] ---------------------------------------------------------------------------------------------------
[2023-05-11 10:55:01] | epoch   2 | time: 16.88s | training loss  0.71 |
[2023-05-11 10:55:04] | epoch   2 | time:  3.06s | cv loss  0.65 | cv accuracy:  0.76 |
[2023-05-11 10:55:04] ---------------------------------------------------------------------------------------------------
[2023-05-11 10:55:27] ---------------------------------------------------------------------------------------------------
[2023-05-11 10:55:27] | epoch   3 | time: 23.25s | training loss  0.38 |
[2023-05-11 10:55:30] | epoch   3 | time:  2.99s | cv loss  0.52 | cv accuracy:  0.80 |
[2023-05-11 10:55:30] ---------------------------------------------------------------------------------------------------
[2023-05-11 10:55:48] ---------------------------------------------------------------------------------------------------
[2023-05-11 10:55:48] | epoch   4 | time: 18.18s | training loss  0.21 |
[2023-05-11 10:55:51] | epoch   4 | time:  2.95s | cv loss  0.48 | cv accuracy:  0.79 |
[2023-05-11 10:55:51] ---------------------------------------------------------------------------------------------------
[2023-05-11 10:56:09] ---------------------------------------------------------------------------------------------------
[2023-05-11 10:56:09] | epoch   5 | time: 17.14s | training loss  0.12 |
[2023-05-11 10:56:12] | epoch   5 | time:  2.85s | cv loss  0.45 | cv accuracy:  0.81 |
[2023-05-11 10:56:12] ---------------------------------------------------------------------------------------------------
[2023-05-11 10:56:30] ---------------------------------------------------------------------------------------------------
[2023-05-11 10:56:30] | epoch   6 | time: 17.92s | training loss  0.07 |
[2023-05-11 10:56:33] | epoch   6 | time:  3.34s | cv loss  0.48 | cv accuracy:  0.79 |
[2023-05-11 10:56:33] ---------------------------------------------------------------------------------------------------
[2023-05-11 10:56:50] ---------------------------------------------------------------------------------------------------
[2023-05-11 10:56:50] | epoch   7 | time: 17.40s | training loss  0.05 |
[2023-05-11 10:56:54] | epoch   7 | time:  3.09s | cv loss  0.49 | cv accuracy:  0.80 |
[2023-05-11 10:56:54] ---------------------------------------------------------------------------------------------------
[2023-05-11 10:57:09] ---------------------------------------------------------------------------------------------------
[2023-05-11 10:57:10] | epoch   8 | time: 15.93s | training loss  0.03 |
[2023-05-11 10:57:13] | epoch   8 | time:  3.16s | cv loss  0.53 | cv accuracy:  0.80 |
[2023-05-11 10:57:13] ---------------------------------------------------------------------------------------------------
[2023-05-11 10:57:32] ---------------------------------------------------------------------------------------------------
[2023-05-11 10:57:32] | epoch   9 | time: 18.92s | training loss  0.02 |
[2023-05-11 10:57:35] | epoch   9 | time:  2.96s | cv loss  0.52 | cv accuracy:  0.79 |
[2023-05-11 10:57:35] ---------------------------------------------------------------------------------------------------
[2023-05-11 10:57:54] ---------------------------------------------------------------------------------------------------
[2023-05-11 10:57:54] | epoch  10 | time: 19.19s | training loss  0.02 |
[2023-05-11 10:57:57] | epoch  10 | time:  3.24s | cv loss  0.52 | cv accuracy:  0.80 |
[2023-05-11 10:57:57] ---------------------------------------------------------------------------------------------------
[2023-05-11 10:58:15] ---------------------------------------------------------------------------------------------------
[2023-05-11 10:58:15] | epoch  11 | time: 17.22s | training loss  0.02 |
[2023-05-11 10:58:18] | epoch  11 | time:  3.41s | cv loss  0.52 | cv accuracy:  0.79 |
[2023-05-11 10:58:18] ---------------------------------------------------------------------------------------------------
[2023-05-11 10:58:34] ---------------------------------------------------------------------------------------------------
[2023-05-11 10:58:34] | epoch  12 | time: 16.32s | training loss  0.02 |
[2023-05-11 10:58:39] | epoch  12 | time:  4.22s | cv loss  0.52 | cv accuracy:  0.79 |
[2023-05-11 10:58:39] ---------------------------------------------------------------------------------------------------
[2023-05-11 10:58:56] ---------------------------------------------------------------------------------------------------
[2023-05-11 10:58:56] | epoch  13 | time: 17.53s | training loss  0.02 |
[2023-05-11 10:58:59] | epoch  13 | time:  2.90s | cv loss  0.52 | cv accuracy:  0.79 |
[2023-05-11 10:58:59] ---------------------------------------------------------------------------------------------------
[2023-05-11 10:59:16] ---------------------------------------------------------------------------------------------------
[2023-05-11 10:59:16] | epoch  14 | time: 17.23s | training loss  0.02 |
[2023-05-11 10:59:19] | epoch  14 | time:  2.88s | cv loss  0.52 | cv accuracy:  0.80 |
[2023-05-11 10:59:19] ---------------------------------------------------------------------------------------------------
[2023-05-11 10:59:35] ---------------------------------------------------------------------------------------------------
[2023-05-11 10:59:35] | epoch  15 | time: 15.81s | training loss  0.02 |
[2023-05-11 10:59:39] | epoch  15 | time:  3.53s | cv loss  0.52 | cv accuracy:  0.80 |
[2023-05-11 10:59:39] ---------------------------------------------------------------------------------------------------
[2023-05-11 11:00:00] ---------------------------------------------------------------------------------------------------
[2023-05-11 11:00:00] | epoch  16 | time: 20.94s | training loss  0.02 |
[2023-05-11 11:00:03] | epoch  16 | time:  2.95s | cv loss  0.53 | cv accuracy:  0.79 |
[2023-05-11 11:00:03] ---------------------------------------------------------------------------------------------------
[2023-05-11 11:00:19] ---------------------------------------------------------------------------------------------------
[2023-05-11 11:00:19] | epoch  17 | time: 16.93s | training loss  0.02 |
[2023-05-11 11:00:22] | epoch  17 | time:  2.83s | cv loss  0.53 | cv accuracy:  0.80 |
[2023-05-11 11:00:22] ---------------------------------------------------------------------------------------------------
[2023-05-11 11:00:39] ---------------------------------------------------------------------------------------------------
[2023-05-11 11:00:39] | epoch  18 | time: 17.05s | training loss  0.02 |
[2023-05-11 11:00:43] | epoch  18 | time:  3.24s | cv loss  0.53 | cv accuracy:  0.79 |
[2023-05-11 11:00:43] ---------------------------------------------------------------------------------------------------
[2023-05-11 11:01:00] ---------------------------------------------------------------------------------------------------
[2023-05-11 11:01:00] | epoch  19 | time: 17.04s | training loss  0.02 |
[2023-05-11 11:01:03] | epoch  19 | time:  2.97s | cv loss  0.52 | cv accuracy:  0.79 |
[2023-05-11 11:01:03] ---------------------------------------------------------------------------------------------------
[2023-05-11 11:01:20] ---------------------------------------------------------------------------------------------------
[2023-05-11 11:01:20] | epoch  20 | time: 17.30s | training loss  0.02 |
[2023-05-11 11:01:23] | epoch  20 | time:  3.05s | cv loss  0.52 | cv accuracy:  0.79 |
[2023-05-11 11:01:23] ---------------------------------------------------------------------------------------------------
