[2023-05-11 10:04:52] ---------------------------------------------------------------------------------------------------
[2023-05-11 10:04:52] | epoch   1 | time: 32.50s | training loss  1.35 |
[2023-05-11 10:04:55] | epoch   1 | time:  2.58s | cv loss  0.88 | cv accuracy:  0.73 |
[2023-05-11 10:04:55] ---------------------------------------------------------------------------------------------------
[2023-05-11 10:05:01] ---------------------------------------------------------------------------------------------------
[2023-05-11 10:05:01] | epoch   2 | time:  6.35s | training loss  0.49 |
[2023-05-11 10:05:03] | epoch   2 | time:  1.75s | cv loss  0.59 | cv accuracy:  0.79 |
[2023-05-11 10:05:03] ---------------------------------------------------------------------------------------------------
[2023-05-11 10:05:10] ---------------------------------------------------------------------------------------------------
[2023-05-11 10:05:10] | epoch   3 | time:  6.63s | training loss  0.18 |
[2023-05-11 10:05:12] | epoch   3 | time:  1.93s | cv loss  0.56 | cv accuracy:  0.80 |
[2023-05-11 10:05:12] ---------------------------------------------------------------------------------------------------
[2023-05-11 10:05:18] ---------------------------------------------------------------------------------------------------
[2023-05-11 10:05:18] | epoch   4 | time:  6.64s | training loss  0.08 |
[2023-05-11 10:05:20] | epoch   4 | time:  2.13s | cv loss  0.49 | cv accuracy:  0.82 |
[2023-05-11 10:05:20] ---------------------------------------------------------------------------------------------------
[2023-05-11 10:05:27] ---------------------------------------------------------------------------------------------------
[2023-05-11 10:05:27] | epoch   5 | time:  6.63s | training loss  0.04 |
[2023-05-11 10:05:29] | epoch   5 | time:  1.74s | cv loss  0.52 | cv accuracy:  0.81 |
[2023-05-11 10:05:29] ---------------------------------------------------------------------------------------------------
[2023-05-11 10:05:36] ---------------------------------------------------------------------------------------------------
[2023-05-11 10:05:36] | epoch   6 | time:  6.92s | training loss  0.03 |
[2023-05-11 10:05:38] | epoch   6 | time:  1.91s | cv loss  0.55 | cv accuracy:  0.81 |
[2023-05-11 10:05:38] ---------------------------------------------------------------------------------------------------
[2023-05-11 10:05:44] ---------------------------------------------------------------------------------------------------
[2023-05-11 10:05:44] | epoch   7 | time:  6.55s | training loss  0.02 |
[2023-05-11 10:05:46] | epoch   7 | time:  1.79s | cv loss  0.58 | cv accuracy:  0.82 |
[2023-05-11 10:05:46] ---------------------------------------------------------------------------------------------------
[2023-05-11 10:05:52] ---------------------------------------------------------------------------------------------------
[2023-05-11 10:05:52] | epoch   8 | time:  6.33s | training loss  0.01 |
[2023-05-11 10:05:54] | epoch   8 | time:  1.82s | cv loss  0.55 | cv accuracy:  0.81 |
[2023-05-11 10:05:54] ---------------------------------------------------------------------------------------------------
[2023-05-11 10:06:01] ---------------------------------------------------------------------------------------------------
[2023-05-11 10:06:01] | epoch   9 | time:  6.40s | training loss  0.01 |
[2023-05-11 10:06:03] | epoch   9 | time:  2.19s | cv loss  0.58 | cv accuracy:  0.81 |
[2023-05-11 10:06:03] ---------------------------------------------------------------------------------------------------
[2023-05-11 10:06:10] ---------------------------------------------------------------------------------------------------
[2023-05-11 10:06:10] | epoch  10 | time:  6.82s | training loss  0.01 |
[2023-05-11 10:06:11] | epoch  10 | time:  1.75s | cv loss  0.57 | cv accuracy:  0.81 |
[2023-05-11 10:06:11] ---------------------------------------------------------------------------------------------------
[2023-05-11 10:06:18] ---------------------------------------------------------------------------------------------------
[2023-05-11 10:06:18] | epoch  11 | time:  6.75s | training loss  0.01 |
[2023-05-11 10:06:20] | epoch  11 | time:  2.06s | cv loss  0.57 | cv accuracy:  0.81 |
[2023-05-11 10:06:20] ---------------------------------------------------------------------------------------------------
