[2023-05-10 19:35:57] ---------------------------------------------------------------------------------------------------
[2023-05-10 19:35:57] | epoch   1 | time: 42.79s | training loss  1.41 |
[2023-05-10 19:36:01] | epoch   1 | time:  3.54s | cv loss  0.86 | cv accuracy:  0.70 |
[2023-05-10 19:36:01] ---------------------------------------------------------------------------------------------------
[2023-05-10 19:36:15] ---------------------------------------------------------------------------------------------------
[2023-05-10 19:36:15] | epoch   2 | time: 14.63s | training loss  0.56 |
[2023-05-10 19:36:18] | epoch   2 | time:  2.89s | cv loss  0.59 | cv accuracy:  0.78 |
[2023-05-10 19:36:18] ---------------------------------------------------------------------------------------------------
[2023-05-10 19:36:33] ---------------------------------------------------------------------------------------------------
[2023-05-10 19:36:33] | epoch   3 | time: 14.76s | training loss  0.28 |
[2023-05-10 19:36:37] | epoch   3 | time:  3.25s | cv loss  0.51 | cv accuracy:  0.79 |
[2023-05-10 19:36:37] ---------------------------------------------------------------------------------------------------
[2023-05-10 19:36:52] ---------------------------------------------------------------------------------------------------
[2023-05-10 19:36:52] | epoch   4 | time: 15.05s | training loss  0.15 |
[2023-05-10 19:36:54] | epoch   4 | time:  2.67s | cv loss  0.49 | cv accuracy:  0.79 |
[2023-05-10 19:36:54] ---------------------------------------------------------------------------------------------------
[2023-05-10 19:37:09] ---------------------------------------------------------------------------------------------------
[2023-05-10 19:37:09] | epoch   5 | time: 14.86s | training loss  0.08 |
[2023-05-10 19:37:12] | epoch   5 | time:  2.91s | cv loss  0.49 | cv accuracy:  0.79 |
[2023-05-10 19:37:12] ---------------------------------------------------------------------------------------------------
[2023-05-10 19:37:27] ---------------------------------------------------------------------------------------------------
[2023-05-10 19:37:27] | epoch   6 | time: 14.75s | training loss  0.05 |
[2023-05-10 19:37:30] | epoch   6 | time:  3.05s | cv loss  0.48 | cv accuracy:  0.80 |
[2023-05-10 19:37:30] ---------------------------------------------------------------------------------------------------
[2023-05-10 19:37:46] ---------------------------------------------------------------------------------------------------
[2023-05-10 19:37:46] | epoch   7 | time: 15.54s | training loss  0.03 |
[2023-05-10 19:37:49] | epoch   7 | time:  3.01s | cv loss  0.49 | cv accuracy:  0.80 |
[2023-05-10 19:37:49] ---------------------------------------------------------------------------------------------------
[2023-05-10 19:38:04] ---------------------------------------------------------------------------------------------------
[2023-05-10 19:38:04] | epoch   8 | time: 15.54s | training loss  0.02 |
[2023-05-10 19:38:07] | epoch   8 | time:  2.64s | cv loss  0.51 | cv accuracy:  0.80 |
[2023-05-10 19:38:07] ---------------------------------------------------------------------------------------------------
[2023-05-10 19:38:23] ---------------------------------------------------------------------------------------------------
[2023-05-10 19:38:23] | epoch   9 | time: 16.08s | training loss  0.02 |
[2023-05-10 19:38:26] | epoch   9 | time:  3.14s | cv loss  0.52 | cv accuracy:  0.80 |
[2023-05-10 19:38:26] ---------------------------------------------------------------------------------------------------
[2023-05-10 19:38:42] ---------------------------------------------------------------------------------------------------
[2023-05-10 19:38:42] | epoch  10 | time: 15.49s | training loss  0.01 |
[2023-05-10 19:38:45] | epoch  10 | time:  2.84s | cv loss  0.53 | cv accuracy:  0.80 |
[2023-05-10 19:38:45] ---------------------------------------------------------------------------------------------------
[2023-05-10 19:39:00] ---------------------------------------------------------------------------------------------------
[2023-05-10 19:39:00] | epoch  11 | time: 15.55s | training loss  0.01 |
[2023-05-10 19:39:03] | epoch  11 | time:  3.05s | cv loss  0.54 | cv accuracy:  0.80 |
[2023-05-10 19:39:03] ---------------------------------------------------------------------------------------------------
[2023-05-10 19:39:19] ---------------------------------------------------------------------------------------------------
[2023-05-10 19:39:19] | epoch  12 | time: 15.89s | training loss  0.01 |
[2023-05-10 19:39:22] | epoch  12 | time:  2.93s | cv loss  0.53 | cv accuracy:  0.80 |
[2023-05-10 19:39:22] ---------------------------------------------------------------------------------------------------
[2023-05-10 19:39:39] ---------------------------------------------------------------------------------------------------
[2023-05-10 19:39:39] | epoch  13 | time: 16.56s | training loss  0.01 |
[2023-05-10 19:39:41] | epoch  13 | time:  2.57s | cv loss  0.53 | cv accuracy:  0.80 |
[2023-05-10 19:39:41] ---------------------------------------------------------------------------------------------------
